<?xml version="1.0" encoding="UTF-8"?>
<testsuite name="org.ggyool.exam01.web.HelloControllerTest" tests="2" skipped="0" failures="0" errors="0" timestamp="2020-05-18T10:49:16" hostname="ggyool.local" time="0.18">
  <properties/>
  <testcase name="hello가_return" classname="org.ggyool.exam01.web.HelloControllerTest" time="0.058"/>
  <testcase name="helloDto_return_test" classname="org.ggyool.exam01.web.HelloControllerTest" time="0.121"/>
  <system-out><![CDATA[2020-05-18 19:49:15.835  INFO 7644 --- [    Test worker] .b.t.a.w.s.WebMvcTestContextBootstrapper : Neither @ContextConfiguration nor @ContextHierarchy found for test class [org.ggyool.exam01.web.HelloControllerTest], using SpringBootContextLoader
2020-05-18 19:49:15.836  INFO 7644 --- [    Test worker] o.s.t.c.support.AbstractContextLoader    : Could not detect default resource locations for test class [org.ggyool.exam01.web.HelloControllerTest]: no resource found for suffixes {-context.xml, Context.groovy}.
2020-05-18 19:49:15.836  INFO 7644 --- [    Test worker] t.c.s.AnnotationConfigContextLoaderUtils : Could not detect default configuration classes for test class [org.ggyool.exam01.web.HelloControllerTest]: HelloControllerTest does not declare any static, non-private, non-final, nested classes annotated with @Configuration.
2020-05-18 19:49:15.868  INFO 7644 --- [    Test worker] .b.t.c.SpringBootTestContextBootstrapper : Found @SpringBootConfiguration org.ggyool.exam01.Application for test class org.ggyool.exam01.web.HelloControllerTest
2020-05-18 19:49:15.869  INFO 7644 --- [    Test worker] .b.t.a.w.s.WebMvcTestContextBootstrapper : Loaded default TestExecutionListener class names from location [META-INF/spring.factories]: [org.springframework.security.test.context.support.WithSecurityContextTestExecutionListener, org.springframework.security.test.context.support.ReactorContextTestExecutionListener, org.springframework.boot.test.autoconfigure.restdocs.RestDocsTestExecutionListener, org.springframework.boot.test.autoconfigure.web.client.MockRestServiceServerResetTestExecutionListener, org.springframework.boot.test.autoconfigure.web.servlet.MockMvcPrintOnlyOnFailureTestExecutionListener, org.springframework.boot.test.autoconfigure.web.servlet.WebDriverTestExecutionListener, org.springframework.boot.test.mock.mockito.MockitoTestExecutionListener, org.springframework.boot.test.mock.mockito.ResetMocksTestExecutionListener, org.springframework.test.context.web.ServletTestExecutionListener, org.springframework.test.context.support.DirtiesContextBeforeModesTestExecutionListener, org.springframework.test.context.support.DependencyInjectionTestExecutionListener, org.springframework.test.context.support.DirtiesContextTestExecutionListener, org.springframework.test.context.transaction.TransactionalTestExecutionListener, org.springframework.test.context.jdbc.SqlScriptsTestExecutionListener]
2020-05-18 19:49:15.870  INFO 7644 --- [    Test worker] .b.t.a.w.s.WebMvcTestContextBootstrapper : Using TestExecutionListeners: [org.springframework.test.context.web.ServletTestExecutionListener@1de2164b, org.springframework.test.context.support.DirtiesContextBeforeModesTestExecutionListener@48a8964c, org.springframework.boot.test.mock.mockito.MockitoTestExecutionListener@23b177d8, org.springframework.boot.test.autoconfigure.SpringBootDependencyInjectionTestExecutionListener@76622b64, org.springframework.test.context.support.DirtiesContextTestExecutionListener@7bbf2bad, org.springframework.test.context.transaction.TransactionalTestExecutionListener@7729c860, org.springframework.test.context.jdbc.SqlScriptsTestExecutionListener@5f0e6eea, org.springframework.security.test.context.support.WithSecurityContextTestExecutionListener@38d04764, org.springframework.security.test.context.support.ReactorContextTestExecutionListener@3ab0e190, org.springframework.boot.test.autoconfigure.restdocs.RestDocsTestExecutionListener@363546e, org.springframework.boot.test.autoconfigure.web.client.MockRestServiceServerResetTestExecutionListener@2fb613d6, org.springframework.boot.test.autoconfigure.web.servlet.MockMvcPrintOnlyOnFailureTestExecutionListener@15e78a23, org.springframework.boot.test.autoconfigure.web.servlet.WebDriverTestExecutionListener@2866556e, org.springframework.boot.test.mock.mockito.ResetMocksTestExecutionListener@31bfb428]

  .   ____          _            __ _ _
 /\\ / ___'_ __ _ _(_)_ __  __ _ \ \ \ \
( ( )\___ | '_ | '_| | '_ \/ _` | \ \ \ \
 \\/  ___)| |_)| | | | | || (_| |  ) ) ) )
  '  |____| .__|_| |_|_| |_\__, | / / / /
 =========|_|==============|___/=/_/_/_/
 :: Spring Boot ::        (v2.1.7.RELEASE)

2020-05-18 19:49:15.908  INFO 7644 --- [    Test worker] o.ggyool.exam01.web.HelloControllerTest  : Starting HelloControllerTest on ggyool.local with PID 7644 (started by ggyool in /Users/ggyool/Dev/springboot-exam)
2020-05-18 19:49:15.912  INFO 7644 --- [    Test worker] o.ggyool.exam01.web.HelloControllerTest  : No active profile set, falling back to default profiles: default
2020-05-18 19:49:16.323  INFO 7644 --- [    Test worker] o.s.s.concurrent.ThreadPoolTaskExecutor  : Initializing ExecutorService 'applicationTaskExecutor'
2020-05-18 19:49:16.366  INFO 7644 --- [    Test worker] o.s.b.a.w.s.WelcomePageHandlerMapping    : Adding welcome page template: index
2020-05-18 19:49:16.536  INFO 7644 --- [    Test worker] .s.s.UserDetailsServiceAutoConfiguration : 

Using generated security password: 3c816936-963f-4ae9-9734-20caba1bf52a

2020-05-18 19:49:16.620  INFO 7644 --- [    Test worker] o.s.s.web.DefaultSecurityFilterChain     : Creating filter chain: any request, [org.springframework.security.web.context.request.async.WebAsyncManagerIntegrationFilter@5fe4efe5, org.springframework.security.web.context.SecurityContextPersistenceFilter@267fcf8a, org.springframework.security.web.header.HeaderWriterFilter@16401318, org.springframework.security.web.csrf.CsrfFilter@3767217e, org.springframework.security.web.authentication.logout.LogoutFilter@439f75ec, org.springframework.security.web.authentication.UsernamePasswordAuthenticationFilter@54c1ceff, org.springframework.security.web.authentication.ui.DefaultLoginPageGeneratingFilter@7d548594, org.springframework.security.web.authentication.ui.DefaultLogoutPageGeneratingFilter@7ce1e8f9, org.springframework.security.web.authentication.www.BasicAuthenticationFilter@5e187a0d, org.springframework.security.web.savedrequest.RequestCacheAwareFilter@66d699ad, org.springframework.security.web.servletapi.SecurityContextHolderAwareRequestFilter@70189ebc, org.springframework.security.web.authentication.AnonymousAuthenticationFilter@61342d7a, org.springframework.security.web.session.SessionManagementFilter@1822ac7f, org.springframework.security.web.access.ExceptionTranslationFilter@79f733c3, org.springframework.security.web.access.intercept.FilterSecurityInterceptor@3f95b673]
2020-05-18 19:49:16.643  INFO 7644 --- [    Test worker] o.s.b.t.m.w.SpringBootMockServletContext : Initializing Spring TestDispatcherServlet ''
2020-05-18 19:49:16.643  INFO 7644 --- [    Test worker] o.s.t.web.servlet.TestDispatcherServlet  : Initializing Servlet ''
2020-05-18 19:49:16.654  INFO 7644 --- [    Test worker] o.s.t.web.servlet.TestDispatcherServlet  : Completed initialization in 11 ms
2020-05-18 19:49:16.680  INFO 7644 --- [    Test worker] o.ggyool.exam01.web.HelloControllerTest  : Started HelloControllerTest in 0.808 seconds (JVM running for 6.84)
]]></system-out>
  <system-err><![CDATA[]]></system-err>
</testsuite>
