<?xml version="1.0" encoding="UTF-8"?>
<testsuite name="org.ggyool.exam01.web.HelloControllerTest" tests="2" skipped="0" failures="0" errors="0" timestamp="2020-05-19T16:46:22" hostname="ggyool.local" time="0.112">
  <properties/>
  <testcase name="hello가_return" classname="org.ggyool.exam01.web.HelloControllerTest" time="0.051"/>
  <testcase name="helloDto_return_test" classname="org.ggyool.exam01.web.HelloControllerTest" time="0.06"/>
  <system-out><![CDATA[2020-05-20 01:46:21.922  INFO 4494 --- [    Test worker] .b.t.a.w.s.WebMvcTestContextBootstrapper : Neither @ContextConfiguration nor @ContextHierarchy found for test class [org.ggyool.exam01.web.HelloControllerTest], using SpringBootContextLoader
2020-05-20 01:46:21.922  INFO 4494 --- [    Test worker] o.s.t.c.support.AbstractContextLoader    : Could not detect default resource locations for test class [org.ggyool.exam01.web.HelloControllerTest]: no resource found for suffixes {-context.xml, Context.groovy}.
2020-05-20 01:46:21.922  INFO 4494 --- [    Test worker] t.c.s.AnnotationConfigContextLoaderUtils : Could not detect default configuration classes for test class [org.ggyool.exam01.web.HelloControllerTest]: HelloControllerTest does not declare any static, non-private, non-final, nested classes annotated with @Configuration.
2020-05-20 01:46:21.941  INFO 4494 --- [    Test worker] .b.t.c.SpringBootTestContextBootstrapper : Found @SpringBootConfiguration org.ggyool.exam01.Application for test class org.ggyool.exam01.web.HelloControllerTest
2020-05-20 01:46:21.941  INFO 4494 --- [    Test worker] .b.t.a.w.s.WebMvcTestContextBootstrapper : Loaded default TestExecutionListener class names from location [META-INF/spring.factories]: [org.springframework.security.test.context.support.WithSecurityContextTestExecutionListener, org.springframework.security.test.context.support.ReactorContextTestExecutionListener, org.springframework.boot.test.autoconfigure.restdocs.RestDocsTestExecutionListener, org.springframework.boot.test.autoconfigure.web.client.MockRestServiceServerResetTestExecutionListener, org.springframework.boot.test.autoconfigure.web.servlet.MockMvcPrintOnlyOnFailureTestExecutionListener, org.springframework.boot.test.autoconfigure.web.servlet.WebDriverTestExecutionListener, org.springframework.boot.test.mock.mockito.MockitoTestExecutionListener, org.springframework.boot.test.mock.mockito.ResetMocksTestExecutionListener, org.springframework.test.context.web.ServletTestExecutionListener, org.springframework.test.context.support.DirtiesContextBeforeModesTestExecutionListener, org.springframework.test.context.support.DependencyInjectionTestExecutionListener, org.springframework.test.context.support.DirtiesContextTestExecutionListener, org.springframework.test.context.transaction.TransactionalTestExecutionListener, org.springframework.test.context.jdbc.SqlScriptsTestExecutionListener]
2020-05-20 01:46:21.942  INFO 4494 --- [    Test worker] .b.t.a.w.s.WebMvcTestContextBootstrapper : Using TestExecutionListeners: [org.springframework.test.context.web.ServletTestExecutionListener@201a7d12, org.springframework.test.context.support.DirtiesContextBeforeModesTestExecutionListener@51204315, org.springframework.boot.test.mock.mockito.MockitoTestExecutionListener@5ff56b4c, org.springframework.boot.test.autoconfigure.SpringBootDependencyInjectionTestExecutionListener@1498498f, org.springframework.test.context.support.DirtiesContextTestExecutionListener@671944e3, org.springframework.test.context.transaction.TransactionalTestExecutionListener@34728bfe, org.springframework.test.context.jdbc.SqlScriptsTestExecutionListener@40293937, org.springframework.security.test.context.support.WithSecurityContextTestExecutionListener@16abd48c, org.springframework.security.test.context.support.ReactorContextTestExecutionListener@3bb8b4e6, org.springframework.boot.test.autoconfigure.restdocs.RestDocsTestExecutionListener@1bb5e514, org.springframework.boot.test.autoconfigure.web.client.MockRestServiceServerResetTestExecutionListener@125c87d4, org.springframework.boot.test.autoconfigure.web.servlet.MockMvcPrintOnlyOnFailureTestExecutionListener@5a1b3ea7, org.springframework.boot.test.autoconfigure.web.servlet.WebDriverTestExecutionListener@24faae86, org.springframework.boot.test.mock.mockito.ResetMocksTestExecutionListener@10d36248]

  .   ____          _            __ _ _
 /\\ / ___'_ __ _ _(_)_ __  __ _ \ \ \ \
( ( )\___ | '_ | '_| | '_ \/ _` | \ \ \ \
 \\/  ___)| |_)| | | | | || (_| |  ) ) ) )
  '  |____| .__|_| |_|_| |_\__, | / / / /
 =========|_|==============|___/=/_/_/_/
 :: Spring Boot ::        (v2.1.7.RELEASE)

2020-05-20 01:46:21.959  INFO 4494 --- [    Test worker] o.ggyool.exam01.web.HelloControllerTest  : Starting HelloControllerTest on ggyool.local with PID 4494 (started by ggyool in /Users/ggyool/Dev/springboot-exam)
2020-05-20 01:46:21.960  INFO 4494 --- [    Test worker] o.ggyool.exam01.web.HelloControllerTest  : No active profile set, falling back to default profiles: default
2020-05-20 01:46:22.227  INFO 4494 --- [    Test worker] o.s.s.concurrent.ThreadPoolTaskExecutor  : Initializing ExecutorService 'applicationTaskExecutor'
2020-05-20 01:46:22.256  INFO 4494 --- [    Test worker] o.s.b.a.w.s.WelcomePageHandlerMapping    : Adding welcome page template: index
2020-05-20 01:46:22.381  INFO 4494 --- [    Test worker] .s.s.UserDetailsServiceAutoConfiguration : 

Using generated security password: fff51b2d-8d6c-4aac-9027-d12725ef229c

2020-05-20 01:46:22.465  INFO 4494 --- [    Test worker] o.s.s.web.DefaultSecurityFilterChain     : Creating filter chain: any request, [org.springframework.security.web.context.request.async.WebAsyncManagerIntegrationFilter@293e62d1, org.springframework.security.web.context.SecurityContextPersistenceFilter@693c66f5, org.springframework.security.web.header.HeaderWriterFilter@edbef37, org.springframework.security.web.csrf.CsrfFilter@45a0a098, org.springframework.security.web.authentication.logout.LogoutFilter@679a46d, org.springframework.security.web.authentication.UsernamePasswordAuthenticationFilter@35384274, org.springframework.security.web.authentication.ui.DefaultLoginPageGeneratingFilter@424a81e0, org.springframework.security.web.authentication.ui.DefaultLogoutPageGeneratingFilter@5f744413, org.springframework.security.web.authentication.www.BasicAuthenticationFilter@3f1b0ff4, org.springframework.security.web.savedrequest.RequestCacheAwareFilter@24e18b30, org.springframework.security.web.servletapi.SecurityContextHolderAwareRequestFilter@75927acc, org.springframework.security.web.authentication.AnonymousAuthenticationFilter@387784a6, org.springframework.security.web.session.SessionManagementFilter@4e3f2a14, org.springframework.security.web.access.ExceptionTranslationFilter@6a94e092, org.springframework.security.web.access.intercept.FilterSecurityInterceptor@76578815]
2020-05-20 01:46:22.491  INFO 4494 --- [    Test worker] o.s.b.t.m.w.SpringBootMockServletContext : Initializing Spring TestDispatcherServlet ''
2020-05-20 01:46:22.492  INFO 4494 --- [    Test worker] o.s.t.web.servlet.TestDispatcherServlet  : Initializing Servlet ''
2020-05-20 01:46:22.500  INFO 4494 --- [    Test worker] o.s.t.web.servlet.TestDispatcherServlet  : Completed initialization in 8 ms
2020-05-20 01:46:22.519  INFO 4494 --- [    Test worker] o.ggyool.exam01.web.HelloControllerTest  : Started HelloControllerTest in 0.575 seconds (JVM running for 6.29)
]]></system-out>
  <system-err><![CDATA[]]></system-err>
</testsuite>
